<?xml version="1.0" encoding="UTF-8"?>
<!-- Generated by org.testng.reporters.JUnitReportReporter -->
<testsuite hostname="LAPTOP-2QI6E7DQ" failures="0" tests="2" name="sanjuhosmane.Tests.ErrorValidationsTest" time="8.260" errors="0" timestamp="2024-05-01T11:41:19 IST" skipped="0">
  <testcase classname="sanjuhosmane.Tests.ErrorValidationsTest" name="ProductErrorValidation" time="4.984"/>
  <testcase classname="sanjuhosmane.Tests.ErrorValidationsTest" name="loginErrorValidation" time="3.276"/>
</testsuite> <!-- sanjuhosmane.Tests.ErrorValidationsTest -->
