<?xml version="1.0" encoding="UTF-8"?>
<!-- Generated by org.testng.reporters.JUnitReportReporter -->
<testsuite hostname="LAPTOP-2QI6E7DQ" failures="0" tests="3" name="sanjuhosmane.Tests.SubmitOrderTest" time="13.290" errors="0" timestamp="2024-05-01T11:41:19 IST" skipped="0">
  <testcase classname="sanjuhosmane.Tests.SubmitOrderTest" name="submitOrder" time="5.867"/>
  <testcase classname="sanjuhosmane.Tests.SubmitOrderTest" name="submitOrder" time="4.893"/>
  <testcase classname="sanjuhosmane.Tests.SubmitOrderTest" name="orderHistoryTest" time="2.530"/>
</testsuite> <!-- sanjuhosmane.Tests.SubmitOrderTest -->
