<?xml version="1.0" encoding="UTF-8"?>
<!-- Generated by org.testng.reporters.JUnitReportReporter -->
<testsuite hostname="LAPTOP-2QI6E7DQ" failures="0" tests="2" name="Cucumber.TestNgTestRunner" time="8.974" errors="0" timestamp="2024-05-03T10:17:50 IST" skipped="0">
  <testcase classname="Cucumber.TestNgTestRunner" name="runScenario" time="3.989"/>
  <testcase classname="Cucumber.TestNgTestRunner" name="runScenario" time="4.985"/>
</testsuite> <!-- Cucumber.TestNgTestRunner -->
