<?xml version="1.0" encoding="UTF-8"?>
<!-- Generated by org.testng.reporters.JUnitReportReporter -->
<testsuite hostname="LAPTOP-2QI6E7DQ" failures="0" tests="1" name="Cucumber.TestNgTestRunner" time="7.213" errors="0" timestamp="2024-05-03T10:41:22 IST" skipped="0">
  <testcase classname="Cucumber.TestNgTestRunner" name="runScenario" time="7.213"/>
</testsuite> <!-- Cucumber.TestNgTestRunner -->
