<?xml version="1.0" encoding="UTF-8"?>
<!-- Generated by org.testng.reporters.JUnitReportReporter -->
<testsuite hostname="LAPTOP-2QI6E7DQ" failures="0" tests="2" name="sanjuhosmane.Tests.ErrorValidationsTest" time="11.105" errors="0" timestamp="2024-05-01T11:56:42 IST" skipped="0">
  <testcase classname="sanjuhosmane.Tests.ErrorValidationsTest" name="loginErrorValidation" time="5.639"/>
  <testcase classname="sanjuhosmane.Tests.ErrorValidationsTest" name="ProductErrorValidation" time="5.466"/>
</testsuite> <!-- sanjuhosmane.Tests.ErrorValidationsTest -->
