<?xml version="1.0" encoding="UTF-8"?>
<!-- Generated by org.testng.reporters.JUnitReportReporter -->
<testsuite hostname="LAPTOP-2QI6E7DQ" failures="0" tests="3" name="sanjuhosmane.Tests.SubmitOrderTest" time="17.676" errors="0" timestamp="2024-05-01T11:56:42 IST" skipped="0">
  <testcase classname="sanjuhosmane.Tests.SubmitOrderTest" name="submitOrder" time="5.852"/>
  <testcase classname="sanjuhosmane.Tests.SubmitOrderTest" name="submitOrder" time="7.549"/>
  <testcase classname="sanjuhosmane.Tests.SubmitOrderTest" name="orderHistoryTest" time="4.275"/>
</testsuite> <!-- sanjuhosmane.Tests.SubmitOrderTest -->
